[LOG] Welcome to hyprpaper!
built from commit  ()
[LOG] Cleaned old hyprpaper preloads (5), removing 86.2MB
[LOG] Preloaded target /home/rallidars/.config/backgrounds/timezones1.jpg in 120.48ms -> Pixel size: [5120, 2880]
[LOG] Buffer created for target /home/rallidars/.config/backgrounds/timezones1.jpg, Shared Memory usage: 39.3MB
[LOG] Total SM usage for all buffers: 39.3MB
[LOG] hyprpaper socket started at /run/user/1000/hypr/71a1216abcc7031776630a6d88f105605c4dc1c9_1761141161_1123471937/.hyprpaper.sock (fd: 5)
[LOG] configure for eDP-1
[LOG] configure for eDP-1
[LOG] Buffer created for target /home/rallidars/.config/backgrounds/timezones1.jpg, Shared Memory usage: 6.3MB
[LOG] Total SM usage for all buffers: 45.6MB
[LOG] Image data for eDP-1: /home/rallidars/.config/backgrounds/timezones1.jpg at [-400.00, 0.00], scale: 0.36 (original image size: [5120, 2880])
[LOG] Submitting viewport dest size 1536x1024 for 55b13baa39f0
[LOG] handlePreferredScale: 1.25 for 55b13baa39f0
[LOG] Buffer created for target /home/rallidars/.config/backgrounds/timezones1.jpg, Shared Memory usage: 9.8MB
[LOG] Total SM usage for all buffers: 55.4MB
[LOG] Image data for eDP-1: /home/rallidars/.config/backgrounds/timezones1.jpg at [-400.00, 0.00], scale: 0.44 (original image size: [5120, 2880])
[LOG] Submitting viewport dest size 1536x1024 for 55b13baa39f0
[LOG] Welcome to hyprpaper!
built from commit  ()
[LOG] Cleaned old hyprpaper preloads (3), removing 55.4MB
[LOG] Preloaded target /home/rallidars/.config/backgrounds/timezones2.jpg in 25.70ms -> Pixel size: [2048, 1152]
[LOG] Buffer created for target /home/rallidars/.config/backgrounds/timezones2.jpg, Shared Memory usage: 39.3MB
[LOG] Total SM usage for all buffers: 39.3MB
[LOG] hyprpaper socket started at /run/user/1000/hypr/71a1216abcc7031776630a6d88f105605c4dc1c9_1761141161_1123471937/.hyprpaper.sock (fd: 5)
[LOG] configure for eDP-1
[LOG] configure for eDP-1
[LOG] Buffer created for target /home/rallidars/.config/backgrounds/timezones2.jpg, Shared Memory usage: 6.3MB
[LOG] Total SM usage for all buffers: 45.6MB
[LOG] Image data for eDP-1: /home/rallidars/.config/backgrounds/timezones2.jpg at [-160.00, 0.00], scale: 0.89 (original image size: [2048, 1152])
[LOG] Submitting viewport dest size 1536x1024 for 5591db1d09f0
[LOG] handlePreferredScale: 1.25 for 5591db1d09f0
[LOG] Buffer created for target /home/rallidars/.config/backgrounds/timezones2.jpg, Shared Memory usage: 9.8MB
[LOG] Total SM usage for all buffers: 55.4MB
[LOG] Image data for eDP-1: /home/rallidars/.config/backgrounds/timezones2.jpg at [-160.00, 0.00], scale: 1.11 (original image size: [2048, 1152])
[LOG] Submitting viewport dest size 1536x1024 for 5591db1d09f0
