[2025-10-23 17:08:05.553] [info] Using configuration file /home/rallidars/.config/waybar/config.jsonc
[2025-10-23 17:08:05.680] [info] Unable to receive desktop appearance: GDBus.Error:org.freedesktop.DBus.Error.UnknownMethod: No such interface “org.freedesktop.portal.Settings” on object at path /org/freedesktop/portal/desktop
[2025-10-23 17:08:05.680] [info] Using CSS file /home/rallidars/.config/waybar/style.css
[2025-10-23 17:08:05.693] [info] Hyprland IPC starting
[2025-10-23 17:08:05.694] [info] Loading persistent workspaces from Hyprland workspace rules
[2025-10-23 17:08:05.709] [warning] unknown cursor option configured on module battery

** (waybar:90018): WARNING **: 17:08:05.844: AT-SPI: Could not obtain desktop path or name


** (waybar:90018): WARNING **: 17:08:05.860: atk-bridge: GetRegisteredEvents returned message with unknown signature

** (waybar:90018): WARNING **: 17:08:05.860: atk-bridge: get_device_events_reply: unknown signature
[2025-10-23 17:08:05.863] [info] Bar configured (width: 1536, height: 23) for output: eDP-1
[2025-10-23 17:08:05.868] [warning] Requested height: 23 is less than the minimum height: 25 required by the modules
[2025-10-23 17:08:05.868] [info] Bar configured (width: 1536, height: 25) for output: eDP-1
[2025-10-23 17:08:05.943] [warning] Requested height: 25 is less than the minimum height: 27 required by the modules
[2025-10-23 17:08:05.943] [info] Bar configured (width: 1536, height: 27) for output: eDP-1
[2025-10-23 17:13:51.151] [info] Bar configured (width: 1536, height: 25) for output: eDP-1
[2025-10-23 17:13:51.217] [warning] Requested height: 25 is less than the minimum height: 27 required by the modules
[2025-10-23 17:13:51.217] [info] Bar configured (width: 1536, height: 27) for output: eDP-1
[2025-10-23 17:13:52.166] [info] Bar configured (width: 1536, height: 25) for output: eDP-1
[2025-10-23 17:13:52.233] [warning] Requested height: 25 is less than the minimum height: 27 required by the modules
[2025-10-23 17:13:52.233] [info] Bar configured (width: 1536, height: 27) for output: eDP-1
[2025-10-23 17:13:52.518] [info] Bar configured (width: 1536, height: 25) for output: eDP-1
[2025-10-23 17:13:52.599] [warning] Requested height: 25 is less than the minimum height: 27 required by the modules
[2025-10-23 17:13:52.599] [info] Bar configured (width: 1536, height: 27) for output: eDP-1
[2025-10-23 17:13:52.848] [info] Bar configured (width: 1536, height: 25) for output: eDP-1
[2025-10-23 17:13:52.933] [warning] Requested height: 25 is less than the minimum height: 27 required by the modules
[2025-10-23 17:13:52.933] [info] Bar configured (width: 1536, height: 27) for output: eDP-1
GDBus.Error:org.freedesktop.DBus.Error.ServiceUnknown: The name org.erikreider.swaync.cc was not provided by any .service files
[2025-10-23 17:14:17.059] [info] Bar configured (width: 1536, height: 25) for output: eDP-1
[2025-10-23 17:14:17.125] [warning] Requested height: 25 is less than the minimum height: 27 required by the modules
[2025-10-23 17:14:17.125] [info] Bar configured (width: 1536, height: 27) for output: eDP-1
[2025-10-23 17:14:17.726] [info] Bar configured (width: 1536, height: 25) for output: eDP-1
[2025-10-23 17:14:17.791] [warning] Requested height: 25 is less than the minimum height: 27 required by the modules
[2025-10-23 17:14:17.791] [info] Bar configured (width: 1536, height: 27) for output: eDP-1
GDBus.Error:org.freedesktop.DBus.Error.ServiceUnknown: The name org.erikreider.swaync.cc was not provided by any .service files
GDBus.Error:org.freedesktop.DBus.Error.ServiceUnknown: The name org.erikreider.swaync.cc was not provided by any .service files
GDBus.Error:org.freedesktop.DBus.Error.ServiceUnknown: The name org.erikreider.swaync.cc was not provided by any .service files
GDBus.Error:org.freedesktop.DBus.Error.ServiceUnknown: The name org.erikreider.swaync.cc was not provided by any .service files
GDBus.Error:org.freedesktop.DBus.Error.ServiceUnknown: The name org.erikreider.swaync.cc was not provided by any .service files
Gdk-Message: 17:15:27.717: Error reading events from display: Connection reset by peer
